<?xml version="1.0" encoding="UTF-8"?>
<!-- Generated by org.testng.reporters.JUnitReportReporter -->
<testsuite hostname="sai" failures="0" tests="1" name="com.wipro.makemytrip.testcases.HomepageTest" time="16.946" errors="0" timestamp="2023-09-27T12:17:12 IST" skipped="0">
  <testcase classname="com.wipro.makemytrip.testcases.HomepageTest" name="LoginTest" time="16.946"/>
</testsuite> <!-- com.wipro.makemytrip.testcases.HomepageTest -->
