<?xml version="1.0" encoding="UTF-8"?>
<!-- Generated by org.testng.reporters.JUnitReportReporter -->
<testsuite hostname="sai" failures="0" tests="1" name="com.wipro.makemytrip.testcases.Bookingbus" time="18.587" errors="0" timestamp="2023-09-27T12:11:02 IST" skipped="0">
  <testcase classname="com.wipro.makemytrip.testcases.Bookingbus" name="booking" time="18.587"/>
</testsuite> <!-- com.wipro.makemytrip.testcases.Bookingbus -->
