<?xml version="1.0" encoding="UTF-8"?>
<!-- Generated by org.testng.reporters.JUnitReportReporter -->
<testsuite hostname="sai" failures="0" tests="1" name="com.wipro.makemytrip.testcases.HomepageTest" time="23.751" errors="0" timestamp="2023-09-27T12:21:19 IST" skipped="0">
  <testcase classname="com.wipro.makemytrip.testcases.HomepageTest" name="LoginTest" time="23.751"/>
</testsuite> <!-- com.wipro.makemytrip.testcases.HomepageTest -->
